<?xml version="1.0" encoding="UTF-8"?>
<testsuite name="Agregar un nuevo computador" tests="3" skipped="0" failures="0" errors="0" timestamp="2022-02-15T15:47:09" hostname="DESKTOP-DID8KMC" time="43.623">
  <properties/>
  <testcase name="Diligenciamiento fallido del formulario para agregar un nuevo pc" classname="Agregar un nuevo computador" time="18.398"/>
  <testcase name="Diligenciamiento fallido del formulario para agregar un nuevo pc" classname="Agregar un nuevo computador" time="12.67"/>
  <testcase name="Diligenciamiento fallido del formulario para agregar un nuevo pc" classname="Agregar un nuevo computador" time="12.554"/>
  <system-out><![CDATA[Feature from file:///D:/Intellij/EjercicioPOM/src/test/resources/features/agregarpc.feature
Feature from file:///D:/Intellij/EjercicioPOM/src/test/resources/features/agregarpc.feature
Feature from file:///D:/Intellij/EjercicioPOM/src/test/resources/features/agregarpc.feature
]]></system-out>
  <system-err><![CDATA[[Test worker] INFO  - 
 _____ _____ ____ _____   ____ _____  _    ____ _____ _____ ____  
|_   _| ____/ ___|_   _| / ___|_   _|/ \  |  _ \_   _| ____|  _ \ 
  | | |  _| \___ \ | |   \___ \ | | / _ \ | |_) || | |  _| | | | |
  | | | |___ ___) || |    ___) || |/ ___ \|  _ < | | | |___| |_| |
  |_| |_____|____/ |_|   |____/ |_/_/   \_\_| \_\|_| |_____|____/ 

Diligenciamiento fallido del formulario para agregar un nuevo pc(agregar-un-nuevo-computador;diligenciamiento-fallido-del-formulario-para-agregar-un-nuevo-pc)
-------------------------------------------------------------------
[Test worker] INFO  -    * Example: {computadorFa="", ingresoFa="2020-01-01", vencimientoFa="2023-01-01", companiaFa="3"}
[Test worker] INFO  -      * Dado que el usuario ingresa a la pagina para agregar un pc
[Test worker] INFO  -        * Abrir url
feb 15, 2022 10:47:11 AM org.openqa.selenium.remote.DesiredCapabilities chrome
INFORMACIÓN: Using `new ChromeOptions()` is preferred to `DesiredCapabilities.chrome()`
[Test worker] INFO net.serenitybdd.core.webdriver.driverproviders.ProvideNewDriver - Instantiating driver
[Test worker] INFO net.serenitybdd.core.webdriver.driverproviders.ProvideNewDriver - Driver capabilities: Capabilities {acceptInsecureCerts: false, browserName: chrome, chrome.switches: --lang=es,, goog:chromeOptions: {args: [--lang=es], extensions: []}, loggingPrefs: org.openqa.selenium.logging..., platform: ANY, version: }
Starting ChromeDriver 97.0.4692.71 (adefa7837d02a07a604c1e6eff0b3a09422ab88d-refs/branch-heads/4692@{#1247}) on port 4640
Only local connections are allowed.
Please see https://chromedriver.chromium.org/security-considerations for suggestions on keeping ChromeDriver safe.
ChromeDriver was started successfully.
[1644940035.488][WARNING]: This version of ChromeDriver has not been tested with Chrome version 98.
feb 15, 2022 10:47:15 AM org.openqa.selenium.remote.ProtocolHandshake createSession
INFORMACIÓN: Detected dialect: W3C
[Test worker] INFO  -      * Cuando diligenciar el formulario con valores errados "", "2020-01-01", "2023-01-01", "3""
[Test worker] INFO  -      * Entonces no permite crear un computador por valores errados
[Test worker] INFO  - ?[92m
        __    _____ _____ ____ _____   ____   _    ____  ____  _____ ____  
  _     \ \  |_   _| ____/ ___|_   _| |  _ \ / \  / ___|/ ___|| ____|  _ \ 
 (_)_____| |   | | |  _| \___ \ | |   | |_) / _ \ \___ \\___ \|  _| | | | |
  _|_____| |   | | | |___ ___) || |   |  __/ ___ \ ___) |___) | |___| |_| |
 (_)     | |   |_| |_____|____/ |_|   |_| /_/   \_\____/|____/|_____|____/ 
        /_/                                                                

Diligenciamiento fallido del formulario para agregar un nuevo pc
----------------------------------------------------------------------------?[0m
[Test worker] INFO  -    * Example: {computadorFa="PC1", ingresoFa="01-01-2020", vencimientoFa="2023-01-01", companiaFa="3"}
[Test worker] INFO  -      * Dado que el usuario ingresa a la pagina para agregar un pc
[Test worker] INFO  -        * Abrir url
feb 15, 2022 10:47:27 AM org.openqa.selenium.remote.DesiredCapabilities chrome
INFORMACIÓN: Using `new ChromeOptions()` is preferred to `DesiredCapabilities.chrome()`
[Test worker] INFO net.serenitybdd.core.webdriver.driverproviders.ProvideNewDriver - Instantiating driver
[Test worker] INFO net.serenitybdd.core.webdriver.driverproviders.ProvideNewDriver - Driver capabilities: Capabilities {acceptInsecureCerts: false, browserName: chrome, chrome.switches: --lang=es,, goog:chromeOptions: {args: [--lang=es], extensions: []}, loggingPrefs: org.openqa.selenium.logging..., platform: ANY, version: }
Starting ChromeDriver 97.0.4692.71 (adefa7837d02a07a604c1e6eff0b3a09422ab88d-refs/branch-heads/4692@{#1247}) on port 10521
Only local connections are allowed.
Please see https://chromedriver.chromium.org/security-considerations for suggestions on keeping ChromeDriver safe.
ChromeDriver was started successfully.
[1644940049.493][WARNING]: This version of ChromeDriver has not been tested with Chrome version 98.
feb 15, 2022 10:47:30 AM org.openqa.selenium.remote.ProtocolHandshake createSession
INFORMACIÓN: Detected dialect: W3C
[Test worker] INFO  -      * Cuando diligenciar el formulario con valores errados "PC1", "01-01-2020", "2023-01-01", "3""
[Test worker] INFO  -      * Entonces no permite crear un computador por valores errados
[Test worker] INFO  - ?[92m
        __    _____ _____ ____ _____   ____   _    ____  ____  _____ ____  
  _     \ \  |_   _| ____/ ___|_   _| |  _ \ / \  / ___|/ ___|| ____|  _ \ 
 (_)_____| |   | | |  _| \___ \ | |   | |_) / _ \ \___ \\___ \|  _| | | | |
  _|_____| |   | | | |___ ___) || |   |  __/ ___ \ ___) |___) | |___| |_| |
 (_)     | |   |_| |_____|____/ |_|   |_| /_/   \_\____/|____/|_____|____/ 
        /_/                                                                

Diligenciamiento fallido del formulario para agregar un nuevo pc
----------------------------------------------------------------------------?[0m
[Test worker] INFO  -    * Example: {computadorFa="PC2", ingresoFa="2020-01-01", vencimientoFa="01-01-2023", companiaFa="3"}
[Test worker] INFO  -      * Dado que el usuario ingresa a la pagina para agregar un pc
[Test worker] INFO  -        * Abrir url
feb 15, 2022 10:47:40 AM org.openqa.selenium.remote.DesiredCapabilities chrome
INFORMACIÓN: Using `new ChromeOptions()` is preferred to `DesiredCapabilities.chrome()`
[Test worker] INFO net.serenitybdd.core.webdriver.driverproviders.ProvideNewDriver - Instantiating driver
[Test worker] INFO net.serenitybdd.core.webdriver.driverproviders.ProvideNewDriver - Driver capabilities: Capabilities {acceptInsecureCerts: false, browserName: chrome, chrome.switches: --lang=es,, goog:chromeOptions: {args: [--lang=es], extensions: []}, loggingPrefs: org.openqa.selenium.logging..., platform: ANY, version: }
Starting ChromeDriver 97.0.4692.71 (adefa7837d02a07a604c1e6eff0b3a09422ab88d-refs/branch-heads/4692@{#1247}) on port 14376
Only local connections are allowed.
Please see https://chromedriver.chromium.org/security-considerations for suggestions on keeping ChromeDriver safe.
ChromeDriver was started successfully.
[1644940062.321][WARNING]: This version of ChromeDriver has not been tested with Chrome version 98.
feb 15, 2022 10:47:42 AM org.openqa.selenium.remote.ProtocolHandshake createSession
INFORMACIÓN: Detected dialect: W3C
[Test worker] INFO  -      * Cuando diligenciar el formulario con valores errados "PC2", "2020-01-01", "01-01-2023", "3""
[Test worker] INFO  -      * Entonces no permite crear un computador por valores errados
]]></system-err>
</testsuite>
